

/******************************************************************************************
* ReadStepFile diagnostics.
* Date:                           Thu Oct 20 11:35:36 2016
* Produced by:                    The EXPRESS Data Manager Version 5.02.0100.07 : 28 Aug 2013
* Module:                         EDMstepFileFactory/EDMstandAlone
* Host:                           DESKTOP-FUFTKA7
* Database:                       C:\Users\ferna\AppData\Local\Temp\{9BE0C183-26C2-4063-8DCD-F97F4D41717A}\ifc
* Database version:               5507
* Database creation date:         Thu Oct 20 11:35:35 2016
* Model to populate:              DataRepository.ifcimport
* Header model to populate:       
* Step file name:                 Edifício ortogonal.ifc
* EDMuser:                        sdai-user
* EDMgroup:                       sdai-group
* License ID and type:            5605 : Permanent license. Expiry date: 
* EDMstepFileFactory options:     010201000002
******************************************************************************************/


------------------------------------------------------------------------------------------------
 Operation terminated successfully.
------------------------------------------------------------------------------------------------

